<?xml version="1.0" encoding="UTF-8"?>
<coverage generated="1586622880">
  <project timestamp="1586622880">
    <package name="App\Aws">
      <file name="/var/www/html/src/App/src/Aws/SqsLog.php">
        <class name="App\Aws\SqsLog" namespace="App\Aws">
          <metrics complexity="1" methods="1" coveredmethods="0" conditionals="0" coveredconditionals="0" statements="5" coveredstatements="0" elements="6" coveredelements="0"/>
        </class>
        <line num="12" type="method" name="__invoke" visibility="public" complexity="1" crap="2" count="0"/>
        <line num="13" type="stmt" count="0"/>
        <line num="14" type="stmt" count="0"/>
        <line num="15" type="stmt" count="0"/>
        <line num="16" type="stmt" count="0"/>
        <line num="17" type="stmt" count="0"/>
        <metrics loc="17" ncloc="17" classes="1" methods="1" coveredmethods="0" conditionals="0" coveredconditionals="0" statements="5" coveredstatements="0" elements="6" coveredelements="0"/>
      </file>
    </package>
    <package name="App\Elasticsearch">
      <file name="/var/www/html/src/App/src/Elasticsearch/ClientFactory.php">
        <class name="App\Elasticsearch\ClientFactory" namespace="App\Elasticsearch">
          <metrics complexity="1" methods="1" coveredmethods="1" conditionals="0" coveredconditionals="0" statements="4" coveredstatements="4" elements="5" coveredelements="5"/>
        </class>
        <line num="9" type="method" name="__invoke" visibility="public" complexity="1" crap="1" count="1"/>
        <line num="11" type="stmt" count="1"/>
        <line num="13" type="stmt" count="1"/>
        <line num="14" type="stmt" count="1"/>
        <line num="15" type="stmt" count="1"/>
        <metrics loc="17" ncloc="17" classes="1" methods="1" coveredmethods="1" conditionals="0" coveredconditionals="0" statements="4" coveredstatements="4" elements="5" coveredelements="5"/>
      </file>
    </package>
    <package name="App\Entity">
      <file name="/var/www/html/src/App/src/Entity/ArticleCategoryEntity.php">
        <class name="App\Entity\ArticleCategoryEntity" namespace="App\Entity">
          <metrics complexity="7" methods="6" coveredmethods="6" conditionals="0" coveredconditionals="0" statements="9" coveredstatements="9" elements="15" coveredelements="15"/>
        </class>
        <line num="28" type="method" name="setId" visibility="public" complexity="1" crap="1" count="1"/>
        <line num="30" type="stmt" count="1"/>
        <line num="31" type="stmt" count="1"/>
        <line num="38" type="method" name="getId" visibility="public" complexity="2" crap="2" count="1"/>
        <line num="40" type="stmt" count="1"/>
        <line num="48" type="method" name="setArticleId" visibility="public" complexity="1" crap="1" count="1"/>
        <line num="50" type="stmt" count="1"/>
        <line num="51" type="stmt" count="1"/>
        <line num="58" type="method" name="getArticleId" visibility="public" complexity="1" crap="1" count="1"/>
        <line num="60" type="stmt" count="1"/>
        <line num="68" type="method" name="setCategoryId" visibility="public" complexity="1" crap="1" count="1"/>
        <line num="70" type="stmt" count="1"/>
        <line num="71" type="stmt" count="1"/>
        <line num="78" type="method" name="getCategoryId" visibility="public" complexity="1" crap="1" count="1"/>
        <line num="80" type="stmt" count="1"/>
        <metrics loc="82" ncloc="46" classes="1" methods="6" coveredmethods="6" conditionals="0" coveredconditionals="0" statements="9" coveredstatements="9" elements="15" coveredelements="15"/>
      </file>
      <file name="/var/www/html/src/App/src/Entity/ArticleEntity.php">
        <class name="App\Entity\ArticleEntity" namespace="App\Entity">
          <metrics complexity="38" methods="31" coveredmethods="31" conditionals="0" coveredconditionals="0" statements="67" coveredstatements="67" elements="98" coveredelements="98"/>
        </class>
        <line num="77" type="method" name="setId" visibility="public" complexity="1" crap="1" count="3"/>
        <line num="79" type="stmt" count="3"/>
        <line num="80" type="stmt" count="3"/>
        <line num="87" type="method" name="getId" visibility="public" complexity="2" crap="2" count="3"/>
        <line num="89" type="stmt" count="3"/>
        <line num="97" type="method" name="setSlug" visibility="public" complexity="1" crap="1" count="4"/>
        <line num="99" type="stmt" count="4"/>
        <line num="100" type="stmt" count="4"/>
        <line num="107" type="method" name="getSlug" visibility="public" complexity="2" crap="2" count="4"/>
        <line num="109" type="stmt" count="4"/>
        <line num="117" type="method" name="createSlug" visibility="public" complexity="2" crap="2" count="4"/>
        <line num="119" type="stmt" count="4"/>
        <line num="120" type="stmt" count="1"/>
        <line num="122" type="stmt" count="3"/>
        <line num="123" type="stmt" count="3"/>
        <line num="124" type="stmt" count="3"/>
        <line num="125" type="stmt" count="3"/>
        <line num="133" type="method" name="setTitle" visibility="public" complexity="1" crap="1" count="5"/>
        <line num="135" type="stmt" count="5"/>
        <line num="136" type="stmt" count="5"/>
        <line num="143" type="method" name="getTitle" visibility="public" complexity="1" crap="1" count="5"/>
        <line num="145" type="stmt" count="5"/>
        <line num="153" type="method" name="setSubtitle" visibility="public" complexity="1" crap="1" count="3"/>
        <line num="155" type="stmt" count="3"/>
        <line num="156" type="stmt" count="3"/>
        <line num="163" type="method" name="getSubtitle" visibility="public" complexity="1" crap="1" count="3"/>
        <line num="165" type="stmt" count="3"/>
        <line num="173" type="method" name="setSummary" visibility="public" complexity="1" crap="1" count="4"/>
        <line num="175" type="stmt" count="4"/>
        <line num="176" type="stmt" count="4"/>
        <line num="183" type="method" name="getSummary" visibility="public" complexity="1" crap="1" count="4"/>
        <line num="185" type="stmt" count="4"/>
        <line num="193" type="method" name="createSummary" visibility="public" complexity="2" crap="2" count="4"/>
        <line num="195" type="stmt" count="4"/>
        <line num="196" type="stmt" count="4"/>
        <line num="197" type="stmt" count="1"/>
        <line num="199" type="stmt" count="3"/>
        <line num="200" type="stmt" count="3"/>
        <line num="201" type="stmt" count="3"/>
        <line num="203" type="stmt" count="3"/>
        <line num="204" type="stmt" count="3"/>
        <line num="212" type="method" name="setContent" visibility="public" complexity="1" crap="1" count="5"/>
        <line num="214" type="stmt" count="5"/>
        <line num="215" type="stmt" count="5"/>
        <line num="222" type="method" name="getContent" visibility="public" complexity="1" crap="1" count="5"/>
        <line num="224" type="stmt" count="5"/>
        <line num="232" type="method" name="setAuthor" visibility="public" complexity="1" crap="1" count="4"/>
        <line num="234" type="stmt" count="4"/>
        <line num="235" type="stmt" count="4"/>
        <line num="242" type="method" name="getAuthor" visibility="public" complexity="1" crap="1" count="4"/>
        <line num="244" type="stmt" count="4"/>
        <line num="251" type="method" name="defaultAuthor" visibility="public" complexity="3" crap="3" count="3"/>
        <line num="253" type="stmt" count="3"/>
        <line num="254" type="stmt" count="1"/>
        <line num="256" type="stmt" count="3"/>
        <line num="264" type="method" name="setOriginalUrl" visibility="public" complexity="1" crap="1" count="3"/>
        <line num="266" type="stmt" count="3"/>
        <line num="267" type="stmt" count="3"/>
        <line num="274" type="method" name="getOriginalUrl" visibility="public" complexity="1" crap="1" count="3"/>
        <line num="276" type="stmt" count="3"/>
        <line num="284" type="method" name="setSourceId" visibility="public" complexity="1" crap="1" count="3"/>
        <line num="286" type="stmt" count="3"/>
        <line num="287" type="stmt" count="3"/>
        <line num="294" type="method" name="getSourceId" visibility="public" complexity="1" crap="1" count="3"/>
        <line num="296" type="stmt" count="3"/>
        <line num="304" type="method" name="setArticleTypeId" visibility="public" complexity="1" crap="1" count="3"/>
        <line num="306" type="stmt" count="3"/>
        <line num="307" type="stmt" count="3"/>
        <line num="314" type="method" name="getArticleTypeId" visibility="public" complexity="1" crap="1" count="3"/>
        <line num="316" type="stmt" count="3"/>
        <line num="324" type="method" name="setPublishDate" visibility="public" complexity="1" crap="1" count="3"/>
        <line num="326" type="stmt" count="3"/>
        <line num="327" type="stmt" count="3"/>
        <line num="335" type="method" name="getPublishDate" visibility="public" complexity="1" crap="1" count="3"/>
        <line num="337" type="stmt" count="3"/>
        <line num="345" type="method" name="setDate" visibility="public" complexity="1" crap="1" count="4"/>
        <line num="347" type="stmt" count="4"/>
        <line num="348" type="stmt" count="4"/>
        <line num="349" type="stmt" count="4"/>
        <line num="357" type="method" name="getDate" visibility="public" complexity="2" crap="2" count="4"/>
        <line num="359" type="stmt" count="4"/>
        <line num="360" type="stmt" count="1"/>
        <line num="362" type="stmt" count="4"/>
        <line num="370" type="method" name="setStatusId" visibility="public" complexity="1" crap="1" count="3"/>
        <line num="372" type="stmt" count="3"/>
        <line num="373" type="stmt" count="3"/>
        <line num="380" type="method" name="getStatusId" visibility="public" complexity="1" crap="1" count="3"/>
        <line num="382" type="stmt" count="3"/>
        <line num="390" type="method" name="toArray" visibility="public" complexity="1" crap="1" count="1"/>
        <line num="392" type="stmt" count="1"/>
        <line num="393" type="stmt" count="1"/>
        <line num="394" type="stmt" count="1"/>
        <line num="395" type="stmt" count="1"/>
        <line num="403" type="method" name="toArraySql" visibility="public" complexity="1" crap="1" count="1"/>
        <line num="405" type="stmt" count="1"/>
        <line num="406" type="stmt" count="1"/>
        <line num="407" type="stmt" count="1"/>
        <line num="408" type="stmt" count="1"/>
        <metrics loc="410" ncloc="228" classes="1" methods="31" coveredmethods="31" conditionals="0" coveredconditionals="0" statements="67" coveredstatements="67" elements="98" coveredelements="98"/>
      </file>
      <file name="/var/www/html/src/App/src/Entity/ArticleImageEntity.php">
        <class name="App\Entity\ArticleImageEntity" namespace="App\Entity">
          <metrics complexity="9" methods="8" coveredmethods="8" conditionals="0" coveredconditionals="0" statements="12" coveredstatements="12" elements="20" coveredelements="20"/>
        </class>
        <line num="32" type="method" name="setId" visibility="public" complexity="1" crap="1" count="1"/>
        <line num="34" type="stmt" count="1"/>
        <line num="35" type="stmt" count="1"/>
        <line num="42" type="method" name="getId" visibility="public" complexity="2" crap="2" count="1"/>
        <line num="44" type="stmt" count="1"/>
        <line num="52" type="method" name="setArticleId" visibility="public" complexity="1" crap="1" count="1"/>
        <line num="54" type="stmt" count="1"/>
        <line num="55" type="stmt" count="1"/>
        <line num="62" type="method" name="getArticleId" visibility="public" complexity="1" crap="1" count="1"/>
        <line num="64" type="stmt" count="1"/>
        <line num="72" type="method" name="setUrl" visibility="public" complexity="1" crap="1" count="1"/>
        <line num="74" type="stmt" count="1"/>
        <line num="75" type="stmt" count="1"/>
        <line num="82" type="method" name="getUrl" visibility="public" complexity="1" crap="1" count="1"/>
        <line num="84" type="stmt" count="1"/>
        <line num="92" type="method" name="setStatusId" visibility="public" complexity="1" crap="1" count="1"/>
        <line num="94" type="stmt" count="1"/>
        <line num="95" type="stmt" count="1"/>
        <line num="102" type="method" name="getStatusId" visibility="public" complexity="1" crap="1" count="1"/>
        <line num="104" type="stmt" count="1"/>
        <metrics loc="106" ncloc="58" classes="1" methods="8" coveredmethods="8" conditionals="0" coveredconditionals="0" statements="12" coveredstatements="12" elements="20" coveredelements="20"/>
      </file>
      <file name="/var/www/html/src/App/src/Entity/ArticleKeywordEntity.php">
        <class name="App\Entity\ArticleKeywordEntity" namespace="App\Entity">
          <metrics complexity="7" methods="6" coveredmethods="6" conditionals="0" coveredconditionals="0" statements="9" coveredstatements="9" elements="15" coveredelements="15"/>
        </class>
        <line num="28" type="method" name="setId" visibility="public" complexity="1" crap="1" count="1"/>
        <line num="30" type="stmt" count="1"/>
        <line num="31" type="stmt" count="1"/>
        <line num="38" type="method" name="getId" visibility="public" complexity="2" crap="2" count="1"/>
        <line num="40" type="stmt" count="1"/>
        <line num="48" type="method" name="setArticleId" visibility="public" complexity="1" crap="1" count="1"/>
        <line num="50" type="stmt" count="1"/>
        <line num="51" type="stmt" count="1"/>
        <line num="58" type="method" name="getArticleId" visibility="public" complexity="1" crap="1" count="1"/>
        <line num="60" type="stmt" count="1"/>
        <line num="68" type="method" name="setKeyword" visibility="public" complexity="1" crap="1" count="1"/>
        <line num="70" type="stmt" count="1"/>
        <line num="71" type="stmt" count="1"/>
        <line num="78" type="method" name="getKeyword" visibility="public" complexity="1" crap="1" count="1"/>
        <line num="80" type="stmt" count="1"/>
        <metrics loc="82" ncloc="46" classes="1" methods="6" coveredmethods="6" conditionals="0" coveredconditionals="0" statements="9" coveredstatements="9" elements="15" coveredelements="15"/>
      </file>
      <file name="/var/www/html/src/App/src/Entity/ArticleMediaEntity.php">
        <class name="App\Entity\ArticleMediaEntity" namespace="App\Entity">
          <metrics complexity="9" methods="8" coveredmethods="8" conditionals="0" coveredconditionals="0" statements="12" coveredstatements="12" elements="20" coveredelements="20"/>
        </class>
        <line num="32" type="method" name="setId" visibility="public" complexity="1" crap="1" count="1"/>
        <line num="34" type="stmt" count="1"/>
        <line num="35" type="stmt" count="1"/>
        <line num="42" type="method" name="getId" visibility="public" complexity="2" crap="2" count="1"/>
        <line num="44" type="stmt" count="1"/>
        <line num="52" type="method" name="setArticleId" visibility="public" complexity="1" crap="1" count="1"/>
        <line num="54" type="stmt" count="1"/>
        <line num="55" type="stmt" count="1"/>
        <line num="62" type="method" name="getArticleId" visibility="public" complexity="1" crap="1" count="1"/>
        <line num="64" type="stmt" count="1"/>
        <line num="72" type="method" name="setCode" visibility="public" complexity="1" crap="1" count="1"/>
        <line num="74" type="stmt" count="1"/>
        <line num="75" type="stmt" count="1"/>
        <line num="82" type="method" name="getCode" visibility="public" complexity="1" crap="1" count="1"/>
        <line num="84" type="stmt" count="1"/>
        <line num="92" type="method" name="setStatusId" visibility="public" complexity="1" crap="1" count="1"/>
        <line num="94" type="stmt" count="1"/>
        <line num="95" type="stmt" count="1"/>
        <line num="102" type="method" name="getStatusId" visibility="public" complexity="1" crap="1" count="1"/>
        <line num="104" type="stmt" count="1"/>
        <metrics loc="106" ncloc="58" classes="1" methods="8" coveredmethods="8" conditionals="0" coveredconditionals="0" statements="12" coveredstatements="12" elements="20" coveredelements="20"/>
      </file>
      <file name="/var/www/html/src/App/src/Entity/ArticleSocialMediaPostEntity.php">
        <class name="App\Entity\ArticleSocialMediaPostEntity" namespace="App\Entity">
          <metrics complexity="11" methods="10" coveredmethods="0" conditionals="0" coveredconditionals="0" statements="35" coveredstatements="0" elements="45" coveredelements="0"/>
        </class>
        <line num="16" type="method" name="setId" visibility="public" complexity="1" crap="2" count="0"/>
        <line num="17" type="stmt" count="0"/>
        <line num="18" type="stmt" count="0"/>
        <line num="19" type="stmt" count="0"/>
        <line num="20" type="stmt" count="0"/>
        <line num="22" type="method" name="getId" visibility="public" complexity="2" crap="6" count="0"/>
        <line num="23" type="stmt" count="0"/>
        <line num="24" type="stmt" count="0"/>
        <line num="25" type="stmt" count="0"/>
        <line num="27" type="method" name="setArticleId" visibility="public" complexity="1" crap="2" count="0"/>
        <line num="28" type="stmt" count="0"/>
        <line num="29" type="stmt" count="0"/>
        <line num="30" type="stmt" count="0"/>
        <line num="31" type="stmt" count="0"/>
        <line num="33" type="method" name="getArticleId" visibility="public" complexity="1" crap="2" count="0"/>
        <line num="34" type="stmt" count="0"/>
        <line num="35" type="stmt" count="0"/>
        <line num="36" type="stmt" count="0"/>
        <line num="38" type="method" name="setSiteId" visibility="public" complexity="1" crap="2" count="0"/>
        <line num="39" type="stmt" count="0"/>
        <line num="40" type="stmt" count="0"/>
        <line num="41" type="stmt" count="0"/>
        <line num="42" type="stmt" count="0"/>
        <line num="44" type="method" name="getSiteId" visibility="public" complexity="1" crap="2" count="0"/>
        <line num="45" type="stmt" count="0"/>
        <line num="46" type="stmt" count="0"/>
        <line num="47" type="stmt" count="0"/>
        <line num="49" type="method" name="setSocialMediaId" visibility="public" complexity="1" crap="2" count="0"/>
        <line num="50" type="stmt" count="0"/>
        <line num="51" type="stmt" count="0"/>
        <line num="52" type="stmt" count="0"/>
        <line num="53" type="stmt" count="0"/>
        <line num="55" type="method" name="getSocialMediaId" visibility="public" complexity="1" crap="2" count="0"/>
        <line num="56" type="stmt" count="0"/>
        <line num="57" type="stmt" count="0"/>
        <line num="58" type="stmt" count="0"/>
        <line num="60" type="method" name="setPostedDatetime" visibility="public" complexity="1" crap="2" count="0"/>
        <line num="61" type="stmt" count="0"/>
        <line num="62" type="stmt" count="0"/>
        <line num="63" type="stmt" count="0"/>
        <line num="64" type="stmt" count="0"/>
        <line num="66" type="method" name="getPostedDatetime" visibility="public" complexity="1" crap="2" count="0"/>
        <line num="67" type="stmt" count="0"/>
        <line num="68" type="stmt" count="0"/>
        <line num="69" type="stmt" count="0"/>
        <metrics loc="70" ncloc="70" classes="1" methods="10" coveredmethods="0" conditionals="0" coveredconditionals="0" statements="35" coveredstatements="0" elements="45" coveredelements="0"/>
      </file>
      <file name="/var/www/html/src/App/src/Entity/CategoryEntity.php">
        <class name="App\Entity\CategoryEntity" namespace="App\Entity">
          <metrics complexity="15" methods="14" coveredmethods="14" conditionals="0" coveredconditionals="0" statements="21" coveredstatements="21" elements="35" coveredelements="35"/>
        </class>
        <line num="47" type="method" name="setId" visibility="public" complexity="1" crap="1" count="1"/>
        <line num="49" type="stmt" count="1"/>
        <line num="50" type="stmt" count="1"/>
        <line num="57" type="method" name="getId" visibility="public" complexity="2" crap="2" count="1"/>
        <line num="59" type="stmt" count="1"/>
        <line num="67" type="method" name="setFullPath" visibility="public" complexity="1" crap="1" count="1"/>
        <line num="69" type="stmt" count="1"/>
        <line num="70" type="stmt" count="1"/>
        <line num="77" type="method" name="getFullPath" visibility="public" complexity="1" crap="1" count="1"/>
        <line num="79" type="stmt" count="1"/>
        <line num="87" type="method" name="setParentId" visibility="public" complexity="1" crap="1" count="1"/>
        <line num="89" type="stmt" count="1"/>
        <line num="90" type="stmt" count="1"/>
        <line num="97" type="method" name="getParentId" visibility="public" complexity="1" crap="1" count="1"/>
        <line num="99" type="stmt" count="1"/>
        <line num="107" type="method" name="setBaseLevel" visibility="public" complexity="1" crap="1" count="1"/>
        <line num="109" type="stmt" count="1"/>
        <line num="110" type="stmt" count="1"/>
        <line num="117" type="method" name="getBaseLevel" visibility="public" complexity="1" crap="1" count="1"/>
        <line num="119" type="stmt" count="1"/>
        <line num="127" type="method" name="setCode" visibility="public" complexity="1" crap="1" count="1"/>
        <line num="129" type="stmt" count="1"/>
        <line num="130" type="stmt" count="1"/>
        <line num="137" type="method" name="getCode" visibility="public" complexity="1" crap="1" count="1"/>
        <line num="139" type="stmt" count="1"/>
        <line num="147" type="method" name="setName" visibility="public" complexity="1" crap="1" count="1"/>
        <line num="149" type="stmt" count="1"/>
        <line num="150" type="stmt" count="1"/>
        <line num="157" type="method" name="getName" visibility="public" complexity="1" crap="1" count="1"/>
        <line num="159" type="stmt" count="1"/>
        <line num="167" type="method" name="setStatusId" visibility="public" complexity="1" crap="1" count="1"/>
        <line num="169" type="stmt" count="1"/>
        <line num="170" type="stmt" count="1"/>
        <line num="177" type="method" name="getStatusId" visibility="public" complexity="1" crap="1" count="1"/>
        <line num="179" type="stmt" count="1"/>
        <metrics loc="181" ncloc="97" classes="1" methods="14" coveredmethods="14" conditionals="0" coveredconditionals="0" statements="21" coveredstatements="21" elements="35" coveredelements="35"/>
      </file>
      <file name="/var/www/html/src/App/src/Entity/DisplayArticleEntity.php">
        <class name="App\Entity\DisplayArticleEntity" namespace="App\Entity">
          <metrics complexity="30" methods="26" coveredmethods="22" conditionals="0" coveredconditionals="0" statements="39" coveredstatements="33" elements="65" coveredelements="55"/>
        </class>
        <line num="77" type="method" name="setId" visibility="public" complexity="1" crap="2" count="0"/>
        <line num="79" type="stmt" count="0"/>
        <line num="80" type="stmt" count="0"/>
        <line num="87" type="method" name="getId" visibility="public" complexity="2" crap="6" count="0"/>
        <line num="89" type="stmt" count="0"/>
        <line num="97" type="method" name="setSlug" visibility="public" complexity="1" crap="1" count="1"/>
        <line num="99" type="stmt" count="1"/>
        <line num="100" type="stmt" count="1"/>
        <line num="107" type="method" name="getSlug" visibility="public" complexity="1" crap="1" count="1"/>
        <line num="109" type="stmt" count="1"/>
        <line num="117" type="method" name="setTitle" visibility="public" complexity="1" crap="1" count="1"/>
        <line num="119" type="stmt" count="1"/>
        <line num="120" type="stmt" count="1"/>
        <line num="127" type="method" name="getTitle" visibility="public" complexity="1" crap="1" count="1"/>
        <line num="129" type="stmt" count="1"/>
        <line num="137" type="method" name="setSubtitle" visibility="public" complexity="2" crap="2" count="1"/>
        <line num="139" type="stmt" count="1"/>
        <line num="140" type="stmt" count="1"/>
        <line num="147" type="method" name="getSubtitle" visibility="public" complexity="1" crap="1" count="1"/>
        <line num="149" type="stmt" count="1"/>
        <line num="157" type="method" name="setSummary" visibility="public" complexity="1" crap="1" count="1"/>
        <line num="159" type="stmt" count="1"/>
        <line num="160" type="stmt" count="1"/>
        <line num="167" type="method" name="getSummary" visibility="public" complexity="1" crap="1" count="1"/>
        <line num="169" type="stmt" count="1"/>
        <line num="177" type="method" name="setAuthor" visibility="public" complexity="1" crap="1" count="1"/>
        <line num="179" type="stmt" count="1"/>
        <line num="180" type="stmt" count="1"/>
        <line num="187" type="method" name="getAuthor" visibility="public" complexity="1" crap="1" count="1"/>
        <line num="189" type="stmt" count="1"/>
        <line num="197" type="method" name="setUrl" visibility="public" complexity="1" crap="1" count="1"/>
        <line num="199" type="stmt" count="1"/>
        <line num="200" type="stmt" count="1"/>
        <line num="207" type="method" name="getUrl" visibility="public" complexity="1" crap="1" count="1"/>
        <line num="209" type="stmt" count="1"/>
        <line num="217" type="method" name="setPublishDate" visibility="public" complexity="1" crap="1" count="1"/>
        <line num="219" type="stmt" count="1"/>
        <line num="220" type="stmt" count="1"/>
        <line num="228" type="method" name="getPublishDate" visibility="public" complexity="1" crap="1" count="1"/>
        <line num="230" type="stmt" count="1"/>
        <line num="238" type="method" name="setSource" visibility="public" complexity="1" crap="1" count="1"/>
        <line num="240" type="stmt" count="1"/>
        <line num="241" type="stmt" count="1"/>
        <line num="248" type="method" name="getSource" visibility="public" complexity="1" crap="1" count="1"/>
        <line num="250" type="stmt" count="1"/>
        <line num="258" type="method" name="setImage" visibility="public" complexity="1" crap="1" count="1"/>
        <line num="260" type="stmt" count="1"/>
        <line num="261" type="stmt" count="1"/>
        <line num="268" type="method" name="getImage" visibility="public" complexity="1" crap="1" count="1"/>
        <line num="270" type="stmt" count="1"/>
        <line num="278" type="method" name="setDisplayCategories" visibility="public" complexity="1" crap="1" count="1"/>
        <line num="280" type="stmt" count="1"/>
        <line num="281" type="stmt" count="1"/>
        <line num="288" type="method" name="getDisplayCategories" visibility="public" complexity="2" crap="2" count="1"/>
        <line num="290" type="stmt" count="1"/>
        <line num="298" type="method" name="setKeywords" visibility="public" complexity="1" crap="1" count="1"/>
        <line num="300" type="stmt" count="1"/>
        <line num="301" type="stmt" count="1"/>
        <line num="308" type="method" name="getKeywords" visibility="public" complexity="1" crap="1" count="1"/>
        <line num="310" type="stmt" count="1"/>
        <line num="313" type="method" name="setPosted" visibility="public" complexity="1" crap="2" count="0"/>
        <line num="315" type="stmt" count="0"/>
        <line num="316" type="stmt" count="0"/>
        <line num="319" type="method" name="getPosted" visibility="public" complexity="2" crap="6" count="0"/>
        <line num="321" type="stmt" count="0"/>
        <metrics loc="323" ncloc="175" classes="1" methods="26" coveredmethods="22" conditionals="0" coveredconditionals="0" statements="39" coveredstatements="33" elements="65" coveredelements="55"/>
      </file>
      <file name="/var/www/html/src/App/src/Entity/EntityAbstract.php">
        <class name="App\Entity\EntityAbstract" namespace="App\Entity">
          <metrics complexity="25" methods="8" coveredmethods="7" conditionals="0" coveredconditionals="0" statements="46" coveredstatements="45" elements="54" coveredelements="52"/>
        </class>
        <line num="9" type="method" name="__construct" visibility="public" complexity="2" crap="2" count="77"/>
        <line num="11" type="stmt" count="77"/>
        <line num="12" type="stmt" count="1"/>
        <line num="14" type="stmt" count="77"/>
        <line num="16" type="method" name="__set" visibility="public" complexity="3" crap="3" count="68"/>
        <line num="19" type="stmt" count="68"/>
        <line num="20" type="stmt" count="68"/>
        <line num="21" type="stmt" count="1"/>
        <line num="23" type="stmt" count="67"/>
        <line num="24" type="stmt" count="67"/>
        <line num="26" type="method" name="__get" visibility="public" complexity="3" crap="3" count="59"/>
        <line num="28" type="stmt" count="59"/>
        <line num="29" type="stmt" count="59"/>
        <line num="30" type="stmt" count="1"/>
        <line num="32" type="stmt" count="58"/>
        <line num="36" type="method" name="exchangeArray" visibility="public" complexity="3" crap="3" count="2"/>
        <line num="39" type="stmt" count="2"/>
        <line num="40" type="stmt" count="2"/>
        <line num="41" type="stmt" count="2"/>
        <line num="42" type="stmt" count="2"/>
        <line num="43" type="stmt" count="2"/>
        <line num="46" type="stmt" count="2"/>
        <line num="49" type="method" name="removeUnderScore" visibility="protected" complexity="3" crap="3" count="4"/>
        <line num="52" type="stmt" count="4"/>
        <line num="54" type="stmt" count="4"/>
        <line num="55" type="stmt" count="4"/>
        <line num="56" type="stmt" count="4"/>
        <line num="57" type="stmt" count="4"/>
        <line num="58" type="stmt" count="1"/>
        <line num="60" type="stmt" count="4"/>
        <line num="63" type="stmt" count="4"/>
        <line num="77" type="method" name="toArray" visibility="public" complexity="6" crap="6" count="2"/>
        <line num="79" type="stmt" count="2"/>
        <line num="80" type="stmt" count="2"/>
        <line num="81" type="stmt" count="2"/>
        <line num="82" type="stmt" count="1"/>
        <line num="83" type="stmt" count="1"/>
        <line num="85" type="stmt" count="1"/>
        <line num="87" type="stmt" count="2"/>
        <line num="88" type="stmt" count="2"/>
        <line num="89" type="stmt" count="2"/>
        <line num="93" type="stmt" count="2"/>
        <line num="96" type="method" name="toArraySql" visibility="public" complexity="4" crap="4" count="2"/>
        <line num="98" type="stmt" count="2"/>
        <line num="99" type="stmt" count="2"/>
        <line num="100" type="stmt" count="2"/>
        <line num="101" type="stmt" count="2"/>
        <line num="102" type="stmt" count="1"/>
        <line num="104" type="stmt" count="2"/>
        <line num="105" type="stmt" count="2"/>
        <line num="106" type="stmt" count="2"/>
        <line num="110" type="stmt" count="2"/>
        <line num="113" type="method" name="jsonSerialize" visibility="public" complexity="1" crap="2" count="0"/>
        <line num="115" type="stmt" count="0"/>
        <metrics loc="117" ncloc="93" classes="1" methods="8" coveredmethods="7" conditionals="0" coveredconditionals="0" statements="46" coveredstatements="45" elements="54" coveredelements="52"/>
      </file>
      <file name="/var/www/html/src/App/src/Entity/EntityException.php">
        <class name="App\Entity\EntityException" namespace="App\Entity">
          <metrics complexity="0" methods="0" coveredmethods="0" conditionals="0" coveredconditionals="0" statements="0" coveredstatements="0" elements="0" coveredelements="0"/>
        </class>
        <metrics loc="6" ncloc="6" classes="0" methods="0" coveredmethods="0" conditionals="0" coveredconditionals="0" statements="0" coveredstatements="0" elements="0" coveredelements="0"/>
      </file>
      <file name="/var/www/html/src/App/src/Entity/FeaturedArticleEntity.php">
        <class name="App\Entity\FeaturedArticleEntity" namespace="App\Entity">
          <metrics complexity="9" methods="8" coveredmethods="8" conditionals="0" coveredconditionals="0" statements="12" coveredstatements="12" elements="20" coveredelements="20"/>
        </class>
        <line num="32" type="method" name="setId" visibility="public" complexity="1" crap="1" count="1"/>
        <line num="34" type="stmt" count="1"/>
        <line num="35" type="stmt" count="1"/>
        <line num="42" type="method" name="getId" visibility="public" complexity="2" crap="2" count="1"/>
        <line num="44" type="stmt" count="1"/>
        <line num="52" type="method" name="setArticleId" visibility="public" complexity="1" crap="1" count="1"/>
        <line num="54" type="stmt" count="1"/>
        <line num="55" type="stmt" count="1"/>
        <line num="62" type="method" name="getArticleId" visibility="public" complexity="1" crap="1" count="1"/>
        <line num="64" type="stmt" count="1"/>
        <line num="72" type="method" name="setSiteId" visibility="public" complexity="1" crap="1" count="1"/>
        <line num="74" type="stmt" count="1"/>
        <line num="75" type="stmt" count="1"/>
        <line num="82" type="method" name="getSiteId" visibility="public" complexity="1" crap="1" count="1"/>
        <line num="84" type="stmt" count="1"/>
        <line num="92" type="method" name="setOrderNo" visibility="public" complexity="1" crap="1" count="1"/>
        <line num="94" type="stmt" count="1"/>
        <line num="95" type="stmt" count="1"/>
        <line num="102" type="method" name="getOrderNo" visibility="public" complexity="1" crap="1" count="1"/>
        <line num="104" type="stmt" count="1"/>
        <metrics loc="106" ncloc="58" classes="1" methods="8" coveredmethods="8" conditionals="0" coveredconditionals="0" statements="12" coveredstatements="12" elements="20" coveredelements="20"/>
      </file>
      <file name="/var/www/html/src/App/src/Entity/SocialMediaEntity.php">
        <class name="App\Entity\SocialMediaEntity" namespace="App\Entity">
          <metrics complexity="5" methods="4" coveredmethods="0" conditionals="0" coveredconditionals="0" statements="14" coveredstatements="0" elements="18" coveredelements="0"/>
        </class>
        <line num="12" type="method" name="setId" visibility="public" complexity="1" crap="2" count="0"/>
        <line num="13" type="stmt" count="0"/>
        <line num="14" type="stmt" count="0"/>
        <line num="15" type="stmt" count="0"/>
        <line num="16" type="stmt" count="0"/>
        <line num="18" type="method" name="getId" visibility="public" complexity="2" crap="6" count="0"/>
        <line num="19" type="stmt" count="0"/>
        <line num="20" type="stmt" count="0"/>
        <line num="21" type="stmt" count="0"/>
        <line num="23" type="method" name="setName" visibility="public" complexity="1" crap="2" count="0"/>
        <line num="24" type="stmt" count="0"/>
        <line num="25" type="stmt" count="0"/>
        <line num="26" type="stmt" count="0"/>
        <line num="27" type="stmt" count="0"/>
        <line num="29" type="method" name="getName" visibility="public" complexity="1" crap="2" count="0"/>
        <line num="30" type="stmt" count="0"/>
        <line num="31" type="stmt" count="0"/>
        <line num="32" type="stmt" count="0"/>
        <metrics loc="33" ncloc="33" classes="1" methods="4" coveredmethods="0" conditionals="0" coveredconditionals="0" statements="14" coveredstatements="0" elements="18" coveredelements="0"/>
      </file>
      <file name="/var/www/html/src/App/src/Entity/SourceHistoryEntity.php">
        <class name="App\Entity\SourceHistoryEntity" namespace="App\Entity">
          <metrics complexity="13" methods="12" coveredmethods="12" conditionals="0" coveredconditionals="0" statements="18" coveredstatements="18" elements="30" coveredelements="30"/>
        </class>
        <line num="42" type="method" name="setId" visibility="public" complexity="1" crap="1" count="1"/>
        <line num="44" type="stmt" count="1"/>
        <line num="45" type="stmt" count="1"/>
        <line num="52" type="method" name="getId" visibility="public" complexity="2" crap="2" count="1"/>
        <line num="54" type="stmt" count="1"/>
        <line num="62" type="method" name="setSourceId" visibility="public" complexity="1" crap="1" count="1"/>
        <line num="64" type="stmt" count="1"/>
        <line num="65" type="stmt" count="1"/>
        <line num="72" type="method" name="getSourceId" visibility="public" complexity="1" crap="1" count="1"/>
        <line num="74" type="stmt" count="1"/>
        <line num="82" type="method" name="setUrl" visibility="public" complexity="1" crap="1" count="1"/>
        <line num="84" type="stmt" count="1"/>
        <line num="85" type="stmt" count="1"/>
        <line num="92" type="method" name="getUrl" visibility="public" complexity="1" crap="1" count="1"/>
        <line num="94" type="stmt" count="1"/>
        <line num="102" type="method" name="setMessage" visibility="public" complexity="1" crap="1" count="1"/>
        <line num="104" type="stmt" count="1"/>
        <line num="105" type="stmt" count="1"/>
        <line num="112" type="method" name="getMessage" visibility="public" complexity="1" crap="1" count="1"/>
        <line num="114" type="stmt" count="1"/>
        <line num="122" type="method" name="setStatusId" visibility="public" complexity="1" crap="1" count="1"/>
        <line num="124" type="stmt" count="1"/>
        <line num="125" type="stmt" count="1"/>
        <line num="132" type="method" name="getStatusId" visibility="public" complexity="1" crap="1" count="1"/>
        <line num="134" type="stmt" count="1"/>
        <line num="142" type="method" name="setDate" visibility="public" complexity="1" crap="1" count="1"/>
        <line num="144" type="stmt" count="1"/>
        <line num="145" type="stmt" count="1"/>
        <line num="152" type="method" name="getDate" visibility="public" complexity="1" crap="1" count="1"/>
        <line num="154" type="stmt" count="1"/>
        <metrics loc="156" ncloc="84" classes="1" methods="12" coveredmethods="12" conditionals="0" coveredconditionals="0" statements="18" coveredstatements="18" elements="30" coveredelements="30"/>
      </file>
    </package>
    <package name="App\Mapper">
      <file name="/var/www/html/src/App/src/Mapper/ArticleCategoryMapper.php">
        <class name="App\Mapper\ArticleCategoryMapper" namespace="App\Mapper" fullPackage="App" package="App">
          <metrics complexity="0" methods="0" coveredmethods="0" conditionals="0" coveredconditionals="0" statements="0" coveredstatements="0" elements="0" coveredelements="0"/>
        </class>
        <metrics loc="22" ncloc="12" classes="0" methods="0" coveredmethods="0" conditionals="0" coveredconditionals="0" statements="0" coveredstatements="0" elements="0" coveredelements="0"/>
      </file>
      <file name="/var/www/html/src/App/src/Mapper/ArticleImageMapper.php">
        <class name="App\Mapper\ArticleImageMapper" namespace="App\Mapper" fullPackage="App" package="App">
          <metrics complexity="0" methods="0" coveredmethods="0" conditionals="0" coveredconditionals="0" statements="0" coveredstatements="0" elements="0" coveredelements="0"/>
        </class>
        <metrics loc="22" ncloc="12" classes="0" methods="0" coveredmethods="0" conditionals="0" coveredconditionals="0" statements="0" coveredstatements="0" elements="0" coveredelements="0"/>
      </file>
      <file name="/var/www/html/src/App/src/Mapper/ArticleKeywordMapper.php">
        <class name="App\Mapper\ArticleKeywordMapper" namespace="App\Mapper" fullPackage="App" package="App">
          <metrics complexity="0" methods="0" coveredmethods="0" conditionals="0" coveredconditionals="0" statements="0" coveredstatements="0" elements="0" coveredelements="0"/>
        </class>
        <metrics loc="22" ncloc="12" classes="0" methods="0" coveredmethods="0" conditionals="0" coveredconditionals="0" statements="0" coveredstatements="0" elements="0" coveredelements="0"/>
      </file>
      <file name="/var/www/html/src/App/src/Mapper/ArticleMapper.php">
        <class name="App\Mapper\ArticleMapper" namespace="App\Mapper" fullPackage="App" package="App">
          <metrics complexity="0" methods="0" coveredmethods="0" conditionals="0" coveredconditionals="0" statements="0" coveredstatements="0" elements="0" coveredelements="0"/>
        </class>
        <metrics loc="22" ncloc="12" classes="0" methods="0" coveredmethods="0" conditionals="0" coveredconditionals="0" statements="0" coveredstatements="0" elements="0" coveredelements="0"/>
      </file>
      <file name="/var/www/html/src/App/src/Mapper/ArticleMediaMapper.php">
        <class name="App\Mapper\ArticleMediaMapper" namespace="App\Mapper">
          <metrics complexity="0" methods="0" coveredmethods="0" conditionals="0" coveredconditionals="0" statements="0" coveredstatements="0" elements="0" coveredelements="0"/>
        </class>
        <metrics loc="18" ncloc="12" classes="0" methods="0" coveredmethods="0" conditionals="0" coveredconditionals="0" statements="0" coveredstatements="0" elements="0" coveredelements="0"/>
      </file>
      <file name="/var/www/html/src/App/src/Mapper/ArticleSocialMediaPostMapper.php">
        <class name="App\Mapper\ArticleSocialMediaPostMapper" namespace="App\Mapper" fullPackage="App" package="App">
          <metrics complexity="0" methods="0" coveredmethods="0" conditionals="0" coveredconditionals="0" statements="0" coveredstatements="0" elements="0" coveredelements="0"/>
        </class>
        <metrics loc="22" ncloc="12" classes="0" methods="0" coveredmethods="0" conditionals="0" coveredconditionals="0" statements="0" coveredstatements="0" elements="0" coveredelements="0"/>
      </file>
      <file name="/var/www/html/src/App/src/Mapper/CategoryMapper.php">
        <class name="App\Mapper\CategoryMapper" namespace="App\Mapper">
          <metrics complexity="0" methods="0" coveredmethods="0" conditionals="0" coveredconditionals="0" statements="0" coveredstatements="0" elements="0" coveredelements="0"/>
        </class>
        <metrics loc="18" ncloc="12" classes="0" methods="0" coveredmethods="0" conditionals="0" coveredconditionals="0" statements="0" coveredstatements="0" elements="0" coveredelements="0"/>
      </file>
      <file name="/var/www/html/src/App/src/Mapper/FeaturedArticleMapper.php">
        <class name="App\Mapper\FeaturedArticleMapper" namespace="App\Mapper">
          <metrics complexity="0" methods="0" coveredmethods="0" conditionals="0" coveredconditionals="0" statements="0" coveredstatements="0" elements="0" coveredelements="0"/>
        </class>
        <metrics loc="18" ncloc="12" classes="0" methods="0" coveredmethods="0" conditionals="0" coveredconditionals="0" statements="0" coveredstatements="0" elements="0" coveredelements="0"/>
      </file>
      <file name="/var/www/html/src/App/src/Mapper/MapperAbstract.php">
        <class name="App\Mapper\MapperAbstract" namespace="App\Mapper">
          <metrics complexity="30" methods="14" coveredmethods="14" conditionals="0" coveredconditionals="0" statements="68" coveredstatements="68" elements="82" coveredelements="82"/>
        </class>
        <line num="33" type="method" name="setTableGateway" visibility="public" complexity="1" crap="1" count="14"/>
        <line num="35" type="stmt" count="14"/>
        <line num="36" type="stmt" count="14"/>
        <line num="43" type="method" name="getTableGateway" visibility="public" complexity="1" crap="1" count="1"/>
        <line num="45" type="stmt" count="1"/>
        <line num="53" type="method" name="setTableName" visibility="public" complexity="1" crap="1" count="1"/>
        <line num="55" type="stmt" count="1"/>
        <line num="56" type="stmt" count="1"/>
        <line num="63" type="method" name="getTableName" visibility="public" complexity="1" crap="1" count="2"/>
        <line num="65" type="stmt" count="2"/>
        <line num="75" type="method" name="count" visibility="public" complexity="5" crap="5" count="3"/>
        <line num="77" type="stmt" count="3"/>
        <line num="78" type="stmt" count="3"/>
        <line num="79" type="stmt" count="1"/>
        <line num="81" type="stmt" count="2"/>
        <line num="82" type="stmt" count="2"/>
        <line num="83" type="stmt" count="2"/>
        <line num="85" type="stmt" count="2"/>
        <line num="86" type="stmt" count="2"/>
        <line num="90" type="stmt" count="3"/>
        <line num="91" type="stmt" count="3"/>
        <line num="92" type="stmt" count="3"/>
        <line num="93" type="stmt" count="1"/>
        <line num="95" type="stmt" count="2"/>
        <line num="106" type="method" name="fetchAll" visibility="public" complexity="5" crap="5" count="2"/>
        <line num="108" type="stmt" count="2"/>
        <line num="109" type="stmt" count="1"/>
        <line num="111" type="stmt" count="1"/>
        <line num="112" type="stmt" count="1"/>
        <line num="113" type="stmt" count="1"/>
        <line num="115" type="stmt" count="1"/>
        <line num="116" type="stmt" count="1"/>
        <line num="118" type="stmt" count="1"/>
        <line num="119" type="stmt" count="1"/>
        <line num="120" type="stmt" count="1"/>
        <line num="124" type="stmt" count="2"/>
        <line num="125" type="stmt" count="2"/>
        <line num="133" type="method" name="find" visibility="public" complexity="2" crap="2" count="1"/>
        <line num="135" type="stmt" count="1"/>
        <line num="136" type="stmt" count="1"/>
        <line num="137" type="stmt" count="1"/>
        <line num="146" type="method" name="findByParams" visibility="public" complexity="3" crap="3" count="2"/>
        <line num="148" type="stmt" count="2"/>
        <line num="149" type="stmt" count="1"/>
        <line num="151" type="stmt" count="1"/>
        <line num="152" type="stmt" count="1"/>
        <line num="154" type="stmt" count="1"/>
        <line num="155" type="stmt" count="1"/>
        <line num="159" type="stmt" count="2"/>
        <line num="160" type="stmt" count="2"/>
        <line num="161" type="stmt" count="2"/>
        <line num="169" type="method" name="save" visibility="public" complexity="2" crap="2" count="3"/>
        <line num="171" type="stmt" count="3"/>
        <line num="173" type="stmt" count="2"/>
        <line num="174" type="stmt" count="2"/>
        <line num="175" type="stmt" count="1"/>
        <line num="176" type="stmt" count="1"/>
        <line num="177" type="stmt" count="1"/>
        <line num="178" type="stmt" count="1"/>
        <line num="180" type="stmt" count="1"/>
        <line num="182" type="stmt" count="2"/>
        <line num="190" type="method" name="delete" visibility="public" complexity="1" crap="1" count="1"/>
        <line num="192" type="stmt" count="1"/>
        <line num="193" type="stmt" count="1"/>
        <line num="201" type="method" name="deleteByParams" visibility="public" complexity="1" crap="1" count="1"/>
        <line num="203" type="stmt" count="1"/>
        <line num="204" type="stmt" count="1"/>
        <line num="213" type="method" name="changeData" visibility="protected" complexity="3" crap="3" count="3"/>
        <line num="215" type="stmt" count="3"/>
        <line num="216" type="stmt" count="3"/>
        <line num="217" type="stmt" count="3"/>
        <line num="218" type="stmt" count="2"/>
        <line num="220" type="stmt" count="2"/>
        <line num="221" type="stmt" count="2"/>
        <line num="224" type="stmt" count="2"/>
        <line num="233" type="method" name="checkInExcludeList" visibility="protected" complexity="3" crap="3" count="3"/>
        <line num="235" type="stmt" count="3"/>
        <line num="236" type="stmt" count="1"/>
        <line num="239" type="stmt" count="2"/>
        <line num="247" type="method" name="convertToUnderScore" visibility="protected" complexity="1" crap="1" count="2"/>
        <line num="249" type="stmt" count="2"/>
        <line num="250" type="stmt" count="2"/>
        <metrics loc="252" ncloc="165" classes="1" methods="14" coveredmethods="14" conditionals="0" coveredconditionals="0" statements="68" coveredstatements="68" elements="82" coveredelements="82"/>
      </file>
      <file name="/var/www/html/src/App/src/Mapper/MapperException.php">
        <class name="App\Mapper\MapperException" namespace="App\Mapper">
          <metrics complexity="0" methods="0" coveredmethods="0" conditionals="0" coveredconditionals="0" statements="0" coveredstatements="0" elements="0" coveredelements="0"/>
        </class>
        <metrics loc="6" ncloc="6" classes="0" methods="0" coveredmethods="0" conditionals="0" coveredconditionals="0" statements="0" coveredstatements="0" elements="0" coveredelements="0"/>
      </file>
      <file name="/var/www/html/src/App/src/Mapper/MapperFactory.php">
        <class name="App\Mapper\MapperFactory" namespace="App\Mapper">
          <metrics complexity="1" methods="1" coveredmethods="1" conditionals="0" coveredconditionals="0" statements="10" coveredstatements="10" elements="11" coveredelements="11"/>
        </class>
        <line num="9" type="method" name="__invoke" visibility="public" complexity="1" crap="1" count="1"/>
        <line num="14" type="stmt" count="1"/>
        <line num="15" type="stmt" count="1"/>
        <line num="16" type="stmt" count="1"/>
        <line num="18" type="stmt" count="1"/>
        <line num="19" type="stmt" count="1"/>
        <line num="21" type="stmt" count="1"/>
        <line num="23" type="stmt" count="1"/>
        <line num="25" type="stmt" count="1"/>
        <line num="27" type="stmt" count="1"/>
        <line num="29" type="stmt" count="1"/>
        <metrics loc="31" ncloc="31" classes="1" methods="1" coveredmethods="1" conditionals="0" coveredconditionals="0" statements="10" coveredstatements="10" elements="11" coveredelements="11"/>
      </file>
      <file name="/var/www/html/src/App/src/Mapper/SocialMediaMapper.php">
        <class name="App\Mapper\SocialMediaMapper" namespace="App\Mapper">
          <metrics complexity="0" methods="0" coveredmethods="0" conditionals="0" coveredconditionals="0" statements="0" coveredstatements="0" elements="0" coveredelements="0"/>
        </class>
        <metrics loc="13" ncloc="13" classes="0" methods="0" coveredmethods="0" conditionals="0" coveredconditionals="0" statements="0" coveredstatements="0" elements="0" coveredelements="0"/>
      </file>
      <file name="/var/www/html/src/App/src/Mapper/SourceHistoryMapper.php">
        <class name="App\Mapper\SourceHistoryMapper" namespace="App\Mapper">
          <metrics complexity="0" methods="0" coveredmethods="0" conditionals="0" coveredconditionals="0" statements="0" coveredstatements="0" elements="0" coveredelements="0"/>
        </class>
        <metrics loc="18" ncloc="12" classes="0" methods="0" coveredmethods="0" conditionals="0" coveredconditionals="0" statements="0" coveredstatements="0" elements="0" coveredelements="0"/>
      </file>
    </package>
    <package name="App\Middleware">
      <file name="/var/www/html/src/App/src/Middleware/ArticleAddValidationMiddleware.php">
        <class name="App\Middleware\ArticleAddValidationMiddleware" namespace="App\Middleware">
          <metrics complexity="1" methods="1" coveredmethods="0" conditionals="0" coveredconditionals="0" statements="3" coveredstatements="0" elements="4" coveredelements="0"/>
        </class>
        <line num="15" type="method" name="process" visibility="public" complexity="1" crap="2" count="0"/>
        <line num="16" type="stmt" count="0"/>
        <line num="18" type="stmt" count="0"/>
        <line num="19" type="stmt" count="0"/>
        <metrics loc="19" ncloc="17" classes="1" methods="1" coveredmethods="0" conditionals="0" coveredconditionals="0" statements="3" coveredstatements="0" elements="4" coveredelements="0"/>
      </file>
    </package>
    <package name="App\Query">
      <file name="/var/www/html/src/App/src/Query/QueryAbstract.php">
        <class name="App\Query\QueryAbstract" namespace="App\Query" fullPackage="App" package="App">
          <metrics complexity="38" methods="7" coveredmethods="3" conditionals="0" coveredconditionals="0" statements="72" coveredstatements="36" elements="79" coveredelements="39"/>
        </class>
        <line num="22" type="method" name="getParams" visibility="public" complexity="1" crap="1" count="2"/>
        <line num="24" type="stmt" count="2"/>
        <line num="32" type="method" name="setClient" visibility="public" complexity="1" crap="1" count="1"/>
        <line num="34" type="stmt" count="1"/>
        <line num="35" type="stmt" count="1"/>
        <line num="42" type="method" name="getClient" visibility="public" complexity="1" crap="1" count="1"/>
        <line num="44" type="stmt" count="1"/>
        <line num="52" type="method" name="buildClientParams" visibility="public" complexity="7" crap="7.06" count="4"/>
        <line num="54" type="stmt" count="4"/>
        <line num="55" type="stmt" count="1"/>
        <line num="58" type="stmt" count="3"/>
        <line num="59" type="stmt" count="1"/>
        <line num="62" type="stmt" count="2"/>
        <line num="64" type="stmt" count="2"/>
        <line num="65" type="stmt" count="2"/>
        <line num="66" type="stmt" count="0"/>
        <line num="69" type="stmt" count="2"/>
        <line num="70" type="stmt" count="2"/>
        <line num="71" type="stmt" count="2"/>
        <line num="72" type="stmt" count="2"/>
        <line num="73" type="stmt" count="2"/>
        <line num="98" type="stmt" count="2"/>
        <line num="99" type="stmt" count="0"/>
        <line num="102" type="stmt" count="2"/>
        <line num="104" type="stmt" count="2"/>
        <line num="106" type="stmt" count="2"/>
        <line num="108" type="stmt" count="2"/>
        <line num="116" type="method" name="buildFilteringParams" visibility="private" complexity="17" crap="130.97" count="2"/>
        <line num="118" type="stmt" count="2"/>
        <line num="119" type="stmt" count="0"/>
        <line num="122" type="stmt" count="0"/>
        <line num="123" type="stmt" count="0"/>
        <line num="129" type="stmt" count="2"/>
        <line num="130" type="stmt" count="0"/>
        <line num="131" type="stmt" count="0"/>
        <line num="132" type="stmt" count="0"/>
        <line num="134" type="stmt" count="0"/>
        <line num="140" type="stmt" count="2"/>
        <line num="141" type="stmt" count="0"/>
        <line num="142" type="stmt" count="0"/>
        <line num="144" type="stmt" count="0"/>
        <line num="149" type="stmt" count="2"/>
        <line num="150" type="stmt" count="0"/>
        <line num="151" type="stmt" count="0"/>
        <line num="153" type="stmt" count="0"/>
        <line num="158" type="stmt" count="2"/>
        <line num="159" type="stmt" count="0"/>
        <line num="160" type="stmt" count="0"/>
        <line num="161" type="stmt" count="0"/>
        <line num="166" type="stmt" count="2"/>
        <line num="167" type="stmt" count="0"/>
        <line num="168" type="stmt" count="0"/>
        <line num="169" type="stmt" count="0"/>
        <line num="173" type="stmt" count="2"/>
        <line num="174" type="stmt" count="0"/>
        <line num="175" type="stmt" count="0"/>
        <line num="176" type="stmt" count="0"/>
        <line num="180" type="stmt" count="2"/>
        <line num="188" type="method" name="buildSortParams" visibility="private" complexity="3" crap="5.67" count="2"/>
        <line num="190" type="stmt" count="2"/>
        <line num="191" type="stmt" count="0"/>
        <line num="192" type="stmt" count="0"/>
        <line num="194" type="stmt" count="0"/>
        <line num="196" type="stmt" count="0"/>
        <line num="199" type="stmt" count="2"/>
        <line num="207" type="method" name="buildDateParams" visibility="private" complexity="8" crap="22.91" count="2"/>
        <line num="209" type="stmt" count="2"/>
        <line num="210" type="stmt" count="0"/>
        <line num="213" type="stmt" count="2"/>
        <line num="214" type="stmt" count="0"/>
        <line num="217" type="stmt" count="2"/>
        <line num="218" type="stmt" count="0"/>
        <line num="220" type="stmt" count="0"/>
        <line num="221" type="stmt" count="0"/>
        <line num="223" type="stmt" count="2"/>
        <line num="224" type="stmt" count="0"/>
        <line num="226" type="stmt" count="0"/>
        <line num="227" type="stmt" count="0"/>
        <line num="231" type="stmt" count="2"/>
        <metrics loc="233" ncloc="188" classes="1" methods="7" coveredmethods="3" conditionals="0" coveredconditionals="0" statements="72" coveredstatements="36" elements="79" coveredelements="39"/>
      </file>
      <file name="/var/www/html/src/App/src/Query/Search.php">
        <class name="App\Query\Search" namespace="App\Query">
          <metrics complexity="2" methods="1" coveredmethods="0" conditionals="0" coveredconditionals="0" statements="18" coveredstatements="0" elements="19" coveredelements="0"/>
        </class>
        <line num="15" type="method" name="fetch" visibility="public" complexity="2" crap="6" count="0"/>
        <line num="16" type="stmt" count="0"/>
        <line num="17" type="stmt" count="0"/>
        <line num="19" type="stmt" count="0"/>
        <line num="21" type="stmt" count="0"/>
        <line num="24" type="stmt" count="0"/>
        <line num="25" type="stmt" count="0"/>
        <line num="26" type="stmt" count="0"/>
        <line num="27" type="stmt" count="0"/>
        <line num="28" type="stmt" count="0"/>
        <line num="29" type="stmt" count="0"/>
        <line num="30" type="stmt" count="0"/>
        <line num="31" type="stmt" count="0"/>
        <line num="32" type="stmt" count="0"/>
        <line num="33" type="stmt" count="0"/>
        <line num="34" type="stmt" count="0"/>
        <line num="35" type="stmt" count="0"/>
        <line num="36" type="stmt" count="0"/>
        <line num="37" type="stmt" count="0"/>
        <metrics loc="38" ncloc="33" classes="1" methods="1" coveredmethods="0" conditionals="0" coveredconditionals="0" statements="18" coveredstatements="0" elements="19" coveredelements="0"/>
      </file>
      <file name="/var/www/html/src/App/src/Query/SearchFactory.php">
        <class name="App\Query\SearchFactory" namespace="App\Query">
          <metrics complexity="1" methods="1" coveredmethods="0" conditionals="0" coveredconditionals="0" statements="3" coveredstatements="0" elements="4" coveredelements="0"/>
        </class>
        <line num="10" type="method" name="__invoke" visibility="public" complexity="1" crap="2" count="0"/>
        <line num="11" type="stmt" count="0"/>
        <line num="12" type="stmt" count="0"/>
        <line num="13" type="stmt" count="0"/>
        <metrics loc="14" ncloc="14" classes="1" methods="1" coveredmethods="0" conditionals="0" coveredconditionals="0" statements="3" coveredstatements="0" elements="4" coveredelements="0"/>
      </file>
      <file name="/var/www/html/src/App/src/Query/Summary.php">
        <class name="App\Query\Summary" namespace="App\Query">
          <metrics complexity="1" methods="1" coveredmethods="0" conditionals="0" coveredconditionals="0" statements="9" coveredstatements="0" elements="10" coveredelements="0"/>
        </class>
        <line num="15" type="method" name="fetch" visibility="public" complexity="1" crap="2" count="0"/>
        <line num="16" type="stmt" count="0"/>
        <line num="17" type="stmt" count="0"/>
        <line num="19" type="stmt" count="0"/>
        <line num="21" type="stmt" count="0"/>
        <line num="22" type="stmt" count="0"/>
        <line num="23" type="stmt" count="0"/>
        <line num="24" type="stmt" count="0"/>
        <line num="26" type="stmt" count="0"/>
        <line num="27" type="stmt" count="0"/>
        <metrics loc="28" ncloc="23" classes="1" methods="1" coveredmethods="0" conditionals="0" coveredconditionals="0" statements="9" coveredstatements="0" elements="10" coveredelements="0"/>
      </file>
      <file name="/var/www/html/src/App/src/Query/SummaryFactory.php">
        <class name="App\Query\SummaryFactory" namespace="App\Query">
          <metrics complexity="1" methods="1" coveredmethods="0" conditionals="0" coveredconditionals="0" statements="3" coveredstatements="0" elements="4" coveredelements="0"/>
        </class>
        <line num="10" type="method" name="__invoke" visibility="public" complexity="1" crap="2" count="0"/>
        <line num="11" type="stmt" count="0"/>
        <line num="12" type="stmt" count="0"/>
        <line num="13" type="stmt" count="0"/>
        <metrics loc="14" ncloc="14" classes="1" methods="1" coveredmethods="0" conditionals="0" coveredconditionals="0" statements="3" coveredstatements="0" elements="4" coveredelements="0"/>
      </file>
    </package>
    <package name="App\ResultSet">
      <file name="/var/www/html/src/App/src/ResultSet/ArticleCategoryResultSet.php">
        <class name="App\ResultSet\ArticleCategoryResultSet" namespace="App\ResultSet">
          <metrics complexity="0" methods="0" coveredmethods="0" conditionals="0" coveredconditionals="0" statements="0" coveredstatements="0" elements="0" coveredelements="0"/>
        </class>
        <metrics loc="9" ncloc="9" classes="0" methods="0" coveredmethods="0" conditionals="0" coveredconditionals="0" statements="0" coveredstatements="0" elements="0" coveredelements="0"/>
      </file>
      <file name="/var/www/html/src/App/src/ResultSet/ArticleImageResultSet.php">
        <class name="App\ResultSet\ArticleImageResultSet" namespace="App\ResultSet">
          <metrics complexity="0" methods="0" coveredmethods="0" conditionals="0" coveredconditionals="0" statements="0" coveredstatements="0" elements="0" coveredelements="0"/>
        </class>
        <metrics loc="9" ncloc="9" classes="0" methods="0" coveredmethods="0" conditionals="0" coveredconditionals="0" statements="0" coveredstatements="0" elements="0" coveredelements="0"/>
      </file>
      <file name="/var/www/html/src/App/src/ResultSet/ArticleKeywordResultSet.php">
        <class name="App\ResultSet\ArticleKeywordResultSet" namespace="App\ResultSet">
          <metrics complexity="0" methods="0" coveredmethods="0" conditionals="0" coveredconditionals="0" statements="0" coveredstatements="0" elements="0" coveredelements="0"/>
        </class>
        <metrics loc="9" ncloc="9" classes="0" methods="0" coveredmethods="0" conditionals="0" coveredconditionals="0" statements="0" coveredstatements="0" elements="0" coveredelements="0"/>
      </file>
      <file name="/var/www/html/src/App/src/ResultSet/ArticleMediaResultSet.php">
        <class name="App\ResultSet\ArticleMediaResultSet" namespace="App\ResultSet">
          <metrics complexity="0" methods="0" coveredmethods="0" conditionals="0" coveredconditionals="0" statements="0" coveredstatements="0" elements="0" coveredelements="0"/>
        </class>
        <metrics loc="9" ncloc="9" classes="0" methods="0" coveredmethods="0" conditionals="0" coveredconditionals="0" statements="0" coveredstatements="0" elements="0" coveredelements="0"/>
      </file>
      <file name="/var/www/html/src/App/src/ResultSet/ArticleResultSet.php">
        <class name="App\ResultSet\ArticleResultSet" namespace="App\ResultSet">
          <metrics complexity="0" methods="0" coveredmethods="0" conditionals="0" coveredconditionals="0" statements="0" coveredstatements="0" elements="0" coveredelements="0"/>
        </class>
        <metrics loc="9" ncloc="9" classes="0" methods="0" coveredmethods="0" conditionals="0" coveredconditionals="0" statements="0" coveredstatements="0" elements="0" coveredelements="0"/>
      </file>
      <file name="/var/www/html/src/App/src/ResultSet/ArticleSocialMediaPostResultSet.php">
        <class name="App\ResultSet\ArticleSocialMediaPostResultSet" namespace="App\ResultSet">
          <metrics complexity="0" methods="0" coveredmethods="0" conditionals="0" coveredconditionals="0" statements="0" coveredstatements="0" elements="0" coveredelements="0"/>
        </class>
        <metrics loc="9" ncloc="9" classes="0" methods="0" coveredmethods="0" conditionals="0" coveredconditionals="0" statements="0" coveredstatements="0" elements="0" coveredelements="0"/>
      </file>
      <file name="/var/www/html/src/App/src/ResultSet/CategoryResultSet.php">
        <class name="App\ResultSet\CategoryResultSet" namespace="App\ResultSet">
          <metrics complexity="0" methods="0" coveredmethods="0" conditionals="0" coveredconditionals="0" statements="0" coveredstatements="0" elements="0" coveredelements="0"/>
        </class>
        <metrics loc="9" ncloc="9" classes="0" methods="0" coveredmethods="0" conditionals="0" coveredconditionals="0" statements="0" coveredstatements="0" elements="0" coveredelements="0"/>
      </file>
      <file name="/var/www/html/src/App/src/ResultSet/FeaturedArticleResultSet.php">
        <class name="App\ResultSet\FeaturedArticleResultSet" namespace="App\ResultSet">
          <metrics complexity="0" methods="0" coveredmethods="0" conditionals="0" coveredconditionals="0" statements="0" coveredstatements="0" elements="0" coveredelements="0"/>
        </class>
        <metrics loc="9" ncloc="9" classes="0" methods="0" coveredmethods="0" conditionals="0" coveredconditionals="0" statements="0" coveredstatements="0" elements="0" coveredelements="0"/>
      </file>
      <file name="/var/www/html/src/App/src/ResultSet/ResultSetAbstract.php">
        <class name="App\ResultSet\ResultSetAbstract" namespace="App\ResultSet">
          <metrics complexity="9" methods="2" coveredmethods="1" conditionals="0" coveredconditionals="0" statements="21" coveredstatements="20" elements="23" coveredelements="21"/>
        </class>
        <line num="10" type="method" name="elasticsearchInitialize" visibility="public" complexity="3" crap="3" count="2"/>
        <line num="12" type="stmt" count="2"/>
        <line num="13" type="stmt" count="1"/>
        <line num="16" type="stmt" count="1"/>
        <line num="17" type="stmt" count="1"/>
        <line num="19" type="stmt" count="1"/>
        <line num="20" type="stmt" count="1"/>
        <line num="22" type="stmt" count="1"/>
        <line num="23" type="stmt" count="1"/>
        <line num="25" type="stmt" count="1"/>
        <line num="28" type="method" name="current" visibility="public" complexity="6" crap="6.02" count="1"/>
        <line num="35" type="stmt" count="1"/>
        <line num="36" type="stmt" count="1"/>
        <line num="37" type="stmt" count="0"/>
        <line num="48" type="stmt" count="1"/>
        <line num="49" type="stmt" count="1"/>
        <line num="50" type="stmt" count="1"/>
        <line num="51" type="stmt" count="1"/>
        <line num="52" type="stmt" count="1"/>
        <line num="53" type="stmt" count="1"/>
        <line num="55" type="stmt" count="1"/>
        <line num="56" type="stmt" count="1"/>
        <line num="60" type="stmt" count="1"/>
        <metrics loc="62" ncloc="35" classes="1" methods="2" coveredmethods="1" conditionals="0" coveredconditionals="0" statements="21" coveredstatements="20" elements="23" coveredelements="21"/>
      </file>
      <file name="/var/www/html/src/App/src/ResultSet/SocialMediaResultSet.php">
        <class name="App\ResultSet\SocialMediaResultSet" namespace="App\ResultSet">
          <metrics complexity="0" methods="0" coveredmethods="0" conditionals="0" coveredconditionals="0" statements="0" coveredstatements="0" elements="0" coveredelements="0"/>
        </class>
        <metrics loc="11" ncloc="11" classes="0" methods="0" coveredmethods="0" conditionals="0" coveredconditionals="0" statements="0" coveredstatements="0" elements="0" coveredelements="0"/>
      </file>
      <file name="/var/www/html/src/App/src/ResultSet/SourceHistoryResultSet.php">
        <class name="App\ResultSet\SourceHistoryResultSet" namespace="App\ResultSet">
          <metrics complexity="0" methods="0" coveredmethods="0" conditionals="0" coveredconditionals="0" statements="0" coveredstatements="0" elements="0" coveredelements="0"/>
        </class>
        <metrics loc="9" ncloc="9" classes="0" methods="0" coveredmethods="0" conditionals="0" coveredconditionals="0" statements="0" coveredstatements="0" elements="0" coveredelements="0"/>
      </file>
    </package>
    <metrics files="45" loc="2796" ncloc="1825" classes="23" methods="172" coveredmethods="142" conditionals="0" coveredconditionals="0" statements="510" coveredstatements="376" elements="682" coveredelements="518"/>
  </project>
</coverage>
